34 [46912496791552] INFO perfrun.launcher <> - argc = 6; cmdline = /global/common/edison/software/intel/vtune_amplifier_2018.2.0.551022/bin64/amplxe-runss -dump-vdso -r /tmp/amplxe-tmp-esaliya/amplxe-res-21038-1766363365025502 --tmp-dir /tmp/amplxe-tmp-esaliya 
56 [46912496791552] INFO perfrun.launcher <> - plugin system has been added successfully
57 [46912496791552] INFO perfrun.launcher <> - plugin itt has been added successfully
57 [46912496791552] INFO perfrun.launcher <> - plugin ptracecollector has been added successfully
58 [46912496791552] INFO perfrun.launcher <> - plugin gpu has been added successfully
58 [46912496791552] INFO perfrun.launcher <> - plugin  has been added successfully
58 [46912496791552] INFO perfrun.launcher <> - plugin  has been added successfully
58 [46912496791552] INFO perfrun.launcher <> - plugin  has been added successfully
58 [46912496791552] INFO perfrun.launcher <> - plugin mrte has been added successfully
58 [46912496791552] INFO perfrun.launcher <> - plugin emon has been added successfully
59 [46912496791552] INFO perfrun.launcher <> - plugin stdsrc has been added successfully
59 [46912496791552] INFO perfrun.launcher <> - plugin sep has been added successfully
59 [46912496791552] INFO perfrun.launcher <> - plugin vtsspp has been added successfully
59 [46912496791552] INFO perfrun.sdk <> - Reading value (1) from file: /proc/sys/kernel/perf_event_paranoid
66 [46912496791552] INFO perfrun.perfcollector <> - cpu: family = 6 model = 63
66 [46912496791552] INFO perfrun.perfcollector <> - dir found : /sys/bus/event_source/devices/cpu
66 [46912496791552] INFO perfrun.perfcollector <> - format: pc config:19 mask:19
66 [46912496791552] INFO perfrun.perfcollector <> - format: any config:21 mask:21
66 [46912496791552] INFO perfrun.perfcollector <> - format: inv config:23 mask:23
67 [46912496791552] INFO perfrun.perfcollector <> - format: edge config:18 mask:18
67 [46912496791552] INFO perfrun.perfcollector <> - format: cmask config:24-31 mask:24-31
67 [46912496791552] INFO perfrun.perfcollector <> - format: event config:0-7 mask:0-7
67 [46912496791552] INFO perfrun.perfcollector <> - format: in_tx config:32 mask:32
67 [46912496791552] INFO perfrun.perfcollector <> - format: ldlat config1:0-15 mask:0-15
67 [46912496791552] INFO perfrun.perfcollector <> - format: umask config:8-15 mask:8-15
67 [46912496791552] INFO perfrun.perfcollector <> - format: in_tx_cp config:33 mask:33
68 [46912496791552] INFO perfrun.perfcollector <> - format: offcore_rsp config1:0-63 mask:0-63
68 [46912496791552] INFO perfrun.perfcollector <> - hwInfo : PERF_CPU_PMU_DETAILS
68 [46912496791552] INFO perfrun.perfcollector <> - pmu added : family : cpu , id : 0
68 [46912496791552] INFO perfrun.perfcollector <> - dir found : /sys/bus/event_source/devices/msr
68 [46912496791552] INFO perfrun.perfcollector <> - format: event config:0-63 mask:0-63
68 [46912496791552] WARN perfrun.perfcollector <> - pmu hwInfo is not set, at file: vcs/perfrun1/plugins/perfcollector/src/controller.cpp:657
68 [46912496791552] INFO perfrun.perfcollector <> - pmu added : family : msr , id : 0
69 [46912496791552] INFO perfrun.perfcollector <> - dir found : /sys/bus/event_source/devices/uncore_cbox_10
69 [46912496791552] INFO perfrun.perfcollector <> - format: edge config:18 mask:18
69 [46912496791552] INFO perfrun.perfcollector <> - format: event config:0-7 mask:0-7
69 [46912496791552] INFO perfrun.perfcollector <> - format: umask config:8-15 mask:8-15
69 [46912496791552] INFO perfrun.perfcollector <> - format: filter_c6 config1:61 mask:61
69 [46912496791552] INFO perfrun.perfcollector <> - format: filter_nc config1:62 mask:62
70 [46912496791552] INFO perfrun.perfcollector <> - format: filter_isoc config1:63 mask:63
70 [46912496791552] INFO perfrun.perfcollector <> - format: filter_link config1:6-8 mask:6-8
70 [46912496791552] INFO perfrun.perfcollector <> - format: filter_nid config1:32-47 mask:32-47
70 [46912496791552] INFO perfrun.perfcollector <> - format: filter_opc config1:52-60 mask:52-60
70 [46912496791552] INFO perfrun.perfcollector <> - format: filter_tid config1:0-5 mask:0-5
71 [46912496791552] INFO perfrun.perfcollector <> - format: tid_en config:19 mask:19
71 [46912496791552] INFO perfrun.perfcollector <> - format: thresh config:24-31 mask:24-31
71 [46912496791552] INFO perfrun.perfcollector <> - format: filter_state config1:17-23 mask:17-23
72 [46912496791552] WARN perfrun.perfcollector <> - pmu hwInfo is not set, at file: vcs/perfrun1/plugins/perfcollector/src/controller.cpp:657
72 [46912496791552] INFO perfrun.perfcollector <> - pmu added : family : uncore_cbox , id : 10
72 [46912496791552] INFO perfrun.perfcollector <> - dir found : /sys/bus/event_source/devices/uncore_cbox_11
72 [46912496791552] INFO perfrun.perfcollector <> - format: edge config:18 mask:18
73 [46912496791552] INFO perfrun.perfcollector <> - format: event config:0-7 mask:0-7
73 [46912496791552] INFO perfrun.perfcollector <> - format: umask config:8-15 mask:8-15
73 [46912496791552] INFO perfrun.perfcollector <> - format: filter_c6 config1:61 mask:61
73 [46912496791552] INFO perfrun.perfcollector <> - format: filter_nc config1:62 mask:62
73 [46912496791552] INFO perfrun.perfcollector <> - format: filter_isoc config1:63 mask:63
73 [46912496791552] INFO perfrun.perfcollector <> - format: filter_link config1:6-8 mask:6-8
73 [46912496791552] INFO perfrun.perfcollector <> - format: filter_nid config1:32-47 mask:32-47
73 [46912496791552] INFO perfrun.perfcollector <> - format: filter_opc config1:52-60 mask:52-60
73 [46912496791552] INFO perfrun.perfcollector <> - format: filter_tid config1:0-5 mask:0-5
74 [46912496791552] INFO perfrun.perfcollector <> - format: tid_en config:19 mask:19
74 [46912496791552] INFO perfrun.perfcollector <> - format: thresh config:24-31 mask:24-31
74 [46912496791552] INFO perfrun.perfcollector <> - format: filter_state config1:17-23 mask:17-23
74 [46912496791552] WARN perfrun.perfcollector <> - pmu hwInfo is not set, at file: vcs/perfrun1/plugins/perfcollector/src/controller.cpp:657
74 [46912496791552] INFO perfrun.perfcollector <> - pmu added : family : uncore_cbox , id : 11
74 [46912496791552] INFO perfrun.perfcollector <> - dir found : /sys/bus/event_source/devices/uncore_cbox_12
74 [46912496791552] INFO perfrun.perfcollector <> - format: edge config:18 mask:18
74 [46912496791552] INFO perfrun.perfcollector <> - format: event config:0-7 mask:0-7
75 [46912496791552] INFO perfrun.perfcollector <> - format: umask config:8-15 mask:8-15
75 [46912496791552] INFO perfrun.perfcollector <> - format: filter_c6 config1:61 mask:61
75 [46912496791552] INFO perfrun.perfcollector <> - format: filter_nc config1:62 mask:62
75 [46912496791552] INFO perfrun.perfcollector <> - format: filter_isoc config1:63 mask:63
75 [46912496791552] INFO perfrun.perfcollector <> - format: filter_link config1:6-8 mask:6-8
75 [46912496791552] INFO perfrun.perfcollector <> - format: filter_nid config1:32-47 mask:32-47
75 [46912496791552] INFO perfrun.perfcollector <> - format: filter_opc config1:52-60 mask:52-60
76 [46912496791552] INFO perfrun.perfcollector <> - format: filter_tid config1:0-5 mask:0-5
76 [46912496791552] INFO perfrun.perfcollector <> - format: tid_en config:19 mask:19
76 [46912496791552] INFO perfrun.perfcollector <> - format: thresh config:24-31 mask:24-31
76 [46912496791552] INFO perfrun.perfcollector <> - format: filter_state config1:17-23 mask:17-23
76 [46912496791552] WARN perfrun.perfcollector <> - pmu hwInfo is not set, at file: vcs/perfrun1/plugins/perfcollector/src/controller.cpp:657
76 [46912496791552] INFO perfrun.perfcollector <> - pmu added : family : uncore_cbox , id : 12
76 [46912496791552] INFO perfrun.perfcollector <> - dir found : /sys/bus/event_source/devices/uncore_cbox_13
76 [46912496791552] INFO perfrun.perfcollector <> - format: edge config:18 mask:18
77 [46912496791552] INFO perfrun.perfcollector <> - format: event config:0-7 mask:0-7
77 [46912496791552] INFO perfrun.perfcollector <> - format: umask config:8-15 mask:8-15
77 [46912496791552] INFO perfrun.perfcollector <> - format: filter_c6 config1:61 mask:61
77 [46912496791552] INFO perfrun.perfcollector <> - format: filter_nc config1:62 mask:62
77 [46912496791552] INFO perfrun.perfcollector <> - format: filter_isoc config1:63 mask:63
77 [46912496791552] INFO perfrun.perfcollector <> - format: filter_link config1:6-8 mask:6-8
77 [46912496791552] INFO perfrun.perfcollector <> - format: filter_nid config1:32-47 mask:32-47
78 [46912496791552] INFO perfrun.perfcollector <> - format: filter_opc config1:52-60 mask:52-60
78 [46912496791552] INFO perfrun.perfcollector <> - format: filter_tid config1:0-5 mask:0-5
78 [46912496791552] INFO perfrun.perfcollector <> - format: tid_en config:19 mask:19
78 [46912496791552] INFO perfrun.perfcollector <> - format: thresh config:24-31 mask:24-31
78 [46912496791552] INFO perfrun.perfcollector <> - format: filter_state config1:17-23 mask:17-23
78 [46912496791552] WARN perfrun.perfcollector <> - pmu hwInfo is not set, at file: vcs/perfrun1/plugins/perfcollector/src/controller.cpp:657
78 [46912496791552] INFO perfrun.perfcollector <> - pmu added : family : uncore_cbox , id : 13
78 [46912496791552] INFO perfrun.perfcollector <> - dir found : /sys/bus/event_source/devices/uncore_cbox_14
79 [46912496791552] INFO perfrun.perfcollector <> - format: edge config:18 mask:18
79 [46912496791552] INFO perfrun.perfcollector <> - format: event config:0-7 mask:0-7
79 [46912496791552] INFO perfrun.perfcollector <> - format: umask config:8-15 mask:8-15
79 [46912496791552] INFO perfrun.perfcollector <> - format: filter_c6 config1:61 mask:61
79 [46912496791552] INFO perfrun.perfcollector <> - format: filter_nc config1:62 mask:62
79 [46912496791552] INFO perfrun.perfcollector <> - format: filter_isoc config1:63 mask:63
79 [46912496791552] INFO perfrun.perfcollector <> - format: filter_link config1:6-8 mask:6-8
80 [46912496791552] INFO perfrun.perfcollector <> - format: filter_nid config1:32-47 mask:32-47
80 [46912496791552] INFO perfrun.perfcollector <> - format: filter_opc config1:52-60 mask:52-60
80 [46912496791552] INFO perfrun.perfcollector <> - format: filter_tid config1:0-5 mask:0-5
80 [46912496791552] INFO perfrun.perfcollector <> - format: tid_en config:19 mask:19
80 [46912496791552] INFO perfrun.perfcollector <> - format: thresh config:24-31 mask:24-31
80 [46912496791552] INFO perfrun.perfcollector <> - format: filter_state config1:17-23 mask:17-23
80 [46912496791552] WARN perfrun.perfcollector <> - pmu hwInfo is not set, at file: vcs/perfrun1/plugins/perfcollector/src/controller.cpp:657
80 [46912496791552] INFO perfrun.perfcollector <> - pmu added : family : uncore_cbox , id : 14
81 [46912496791552] INFO perfrun.perfcollector <> - dir found : /sys/bus/event_source/devices/uncore_cbox_15
81 [46912496791552] INFO perfrun.perfcollector <> - format: edge config:18 mask:18
81 [46912496791552] INFO perfrun.perfcollector <> - format: event config:0-7 mask:0-7
82 [46912496791552] INFO perfrun.perfcollector <> - format: umask config:8-15 mask:8-15
82 [46912496791552] INFO perfrun.perfcollector <> - format: filter_c6 config1:61 mask:61
82 [46912496791552] INFO perfrun.perfcollector <> - format: filter_nc config1:62 mask:62
82 [46912496791552] INFO perfrun.perfcollector <> - format: filter_isoc config1:63 mask:63
82 [46912496791552] INFO perfrun.perfcollector <> - format: filter_link config1:6-8 mask:6-8
82 [46912496791552] INFO perfrun.perfcollector <> - format: filter_nid config1:32-47 mask:32-47
83 [46912496791552] INFO perfrun.perfcollector <> - format: filter_opc config1:52-60 mask:52-60
83 [46912496791552] INFO perfrun.perfcollector <> - format: filter_tid config1:0-5 mask:0-5
84 [46912496791552] INFO perfrun.perfcollector <> - format: tid_en config:19 mask:19
84 [46912496791552] INFO perfrun.perfcollector <> - format: thresh config:24-31 mask:24-31
84 [46912496791552] INFO perfrun.perfcollector <> - format: filter_state config1:17-23 mask:17-23
84 [46912496791552] WARN perfrun.perfcollector <> - pmu hwInfo is not set, at file: vcs/perfrun1/plugins/perfcollector/src/controller.cpp:657
84 [46912496791552] INFO perfrun.perfcollector <> - pmu added : family : uncore_cbox , id : 15
84 [46912496791552] INFO perfrun.perfcollector <> - dir found : /sys/bus/event_source/devices/software
84 [46912496791552] WARN perfrun.perfcollector <> - format subdir doesn't exist, at file: vcs/perfrun1/plugins/perfcollector/src/controller.cpp:578
84 [46912496791552] WARN perfrun.perfcollector <> - pmu hwInfo is not set, at file: vcs/perfrun1/plugins/perfcollector/src/controller.cpp:657
85 [46912496791552] INFO perfrun.perfcollector <> - pmu added : family : software , id : 0
85 [46912496791552] INFO perfrun.perfcollector <> - dir found : /sys/bus/event_source/devices/power
85 [46912496791552] INFO perfrun.perfcollector <> - format: event config:0-7 mask:0-7
85 [46912496791552] WARN perfrun.perfcollector <> - pmu hwInfo is not set, at file: vcs/perfrun1/plugins/perfcollector/src/controller.cpp:657
85 [46912496791552] INFO perfrun.perfcollector <> - pmu added : family : power , id : 0
85 [46912496791552] INFO perfrun.perfcollector <> - dir found : /sys/bus/event_source/devices/uncore_irp
86 [46912496791552] INFO perfrun.perfcollector <> - format: inv config:23 mask:23
86 [46912496791552] INFO perfrun.perfcollector <> - format: edge config:18 mask:18
86 [46912496791552] INFO perfrun.perfcollector <> - format: event config:0-7 mask:0-7
86 [46912496791552] INFO perfrun.perfcollector <> - format: umask config:8-15 mask:8-15
86 [46912496791552] INFO perfrun.perfcollector <> - format: thresh config:24-31 mask:24-31
86 [46912496791552] WARN perfrun.perfcollector <> - pmu hwInfo is not set, at file: vcs/perfrun1/plugins/perfcollector/src/controller.cpp:657
86 [46912496791552] INFO perfrun.perfcollector <> - pmu added : family : uncore_irp , id : 0
86 [46912496791552] INFO perfrun.perfcollector <> - dir found : /sys/bus/event_source/devices/uncore_pcu
87 [46912496791552] INFO perfrun.perfcollector <> - format: inv config:23 mask:23
87 [46912496791552] INFO perfrun.perfcollector <> - format: occ_invert config:30 mask:30
87 [46912496791552] INFO perfrun.perfcollector <> - format: edge config:18 mask:18
87 [46912496791552] INFO perfrun.perfcollector <> - format: event config:0-7,21 mask:0-7,21
87 [46912496791552] INFO perfrun.perfcollector <> - format: occ_sel config:14-15 mask:14-15
87 [46912496791552] INFO perfrun.perfcollector <> - format: thresh config:24-28 mask:24-28
87 [46912496791552] INFO perfrun.perfcollector <> - format: filter_band0 config1:0-7 mask:0-7
87 [46912496791552] INFO perfrun.perfcollector <> - format: filter_band1 config1:8-15 mask:8-15
87 [46912496791552] INFO perfrun.perfcollector <> - format: filter_band2 config1:16-23 mask:16-23
88 [46912496791552] INFO perfrun.perfcollector <> - format: filter_band3 config1:24-31 mask:24-31
88 [46912496791552] INFO perfrun.perfcollector <> - format: occ_edge config:14-51 mask:14-51
88 [46912496791552] WARN perfrun.perfcollector <> - pmu hwInfo is not set, at file: vcs/perfrun1/plugins/perfcollector/src/controller.cpp:657
88 [46912496791552] INFO perfrun.perfcollector <> - pmu added : family : uncore_pcu , id : 0
88 [46912496791552] INFO perfrun.perfcollector <> - dir found : /sys/bus/event_source/devices/tracepoint
88 [46912496791552] WARN perfrun.perfcollector <> - format subdir doesn't exist, at file: vcs/perfrun1/plugins/perfcollector/src/controller.cpp:578
88 [46912496791552] WARN perfrun.perfcollector <> - pmu hwInfo is not set, at file: vcs/perfrun1/plugins/perfcollector/src/controller.cpp:657
88 [46912496791552] INFO perfrun.perfcollector <> - pmu added : family : tracepoint , id : 0
88 [46912496791552] INFO perfrun.perfcollector <> - dir found : /sys/bus/event_source/devices/uncore_imc_0
89 [46912496791552] INFO perfrun.perfcollector <> - format: inv config:23 mask:23
89 [46912496791552] INFO perfrun.perfcollector <> - format: edge config:18 mask:18
89 [46912496791552] INFO perfrun.perfcollector <> - format: event config:0-7 mask:0-7
89 [46912496791552] INFO perfrun.perfcollector <> - format: umask config:8-15 mask:8-15
89 [46912496791552] INFO perfrun.perfcollector <> - format: thresh config:24-31 mask:24-31
89 [46912496791552] INFO perfrun.perfcollector <> - hwInfo : PERF_IMC_PMU_DETAILS
89 [46912496791552] INFO perfrun.perfcollector <> - pmu added : family : uncore_imc , id : 0
89 [46912496791552] INFO perfrun.perfcollector <> - dir found : /sys/bus/event_source/devices/uncore_imc_1
90 [46912496791552] INFO perfrun.perfcollector <> - format: inv config:23 mask:23
90 [46912496791552] INFO perfrun.perfcollector <> - format: edge config:18 mask:18
90 [46912496791552] INFO perfrun.perfcollector <> - format: event config:0-7 mask:0-7
90 [46912496791552] INFO perfrun.perfcollector <> - format: umask config:8-15 mask:8-15
90 [46912496791552] INFO perfrun.perfcollector <> - format: thresh config:24-31 mask:24-31
90 [46912496791552] INFO perfrun.perfcollector <> - hwInfo : PERF_IMC_PMU_DETAILS
90 [46912496791552] INFO perfrun.perfcollector <> - pmu added : family : uncore_imc , id : 1
90 [46912496791552] INFO perfrun.perfcollector <> - dir found : /sys/bus/event_source/devices/uncore_imc_2
91 [46912496791552] INFO perfrun.perfcollector <> - format: inv config:23 mask:23
91 [46912496791552] INFO perfrun.perfcollector <> - format: edge config:18 mask:18
91 [46912496791552] INFO perfrun.perfcollector <> - format: event config:0-7 mask:0-7
91 [46912496791552] INFO perfrun.perfcollector <> - format: umask config:8-15 mask:8-15
91 [46912496791552] INFO perfrun.perfcollector <> - format: thresh config:24-31 mask:24-31
91 [46912496791552] INFO perfrun.perfcollector <> - hwInfo : PERF_IMC_PMU_DETAILS
91 [46912496791552] INFO perfrun.perfcollector <> - pmu added : family : uncore_imc , id : 2
91 [46912496791552] INFO perfrun.perfcollector <> - dir found : /sys/bus/event_source/devices/uncore_imc_3
92 [46912496791552] INFO perfrun.perfcollector <> - format: inv config:23 mask:23
92 [46912496791552] INFO perfrun.perfcollector <> - format: edge config:18 mask:18
92 [46912496791552] INFO perfrun.perfcollector <> - format: event config:0-7 mask:0-7
92 [46912496791552] INFO perfrun.perfcollector <> - format: umask config:8-15 mask:8-15
93 [46912496791552] INFO perfrun.perfcollector <> - format: thresh config:24-31 mask:24-31
93 [46912496791552] INFO perfrun.perfcollector <> - hwInfo : PERF_IMC_PMU_DETAILS
93 [46912496791552] INFO perfrun.perfcollector <> - pmu added : family : uncore_imc , id : 3
93 [46912496791552] INFO perfrun.perfcollector <> - dir found : /sys/bus/event_source/devices/uncore_imc_4
93 [46912496791552] INFO perfrun.perfcollector <> - format: inv config:23 mask:23
93 [46912496791552] INFO perfrun.perfcollector <> - format: edge config:18 mask:18
93 [46912496791552] INFO perfrun.perfcollector <> - format: event config:0-7 mask:0-7
94 [46912496791552] INFO perfrun.perfcollector <> - format: umask config:8-15 mask:8-15
94 [46912496791552] INFO perfrun.perfcollector <> - format: thresh config:24-31 mask:24-31
94 [46912496791552] INFO perfrun.perfcollector <> - hwInfo : PERF_IMC_PMU_DETAILS
94 [46912496791552] INFO perfrun.perfcollector <> - pmu added : family : uncore_imc , id : 4
94 [46912496791552] INFO perfrun.perfcollector <> - dir found : /sys/bus/event_source/devices/uncore_imc_5
94 [46912496791552] INFO perfrun.perfcollector <> - format: inv config:23 mask:23
94 [46912496791552] INFO perfrun.perfcollector <> - format: edge config:18 mask:18
95 [46912496791552] INFO perfrun.perfcollector <> - format: event config:0-7 mask:0-7
95 [46912496791552] INFO perfrun.perfcollector <> - format: umask config:8-15 mask:8-15
95 [46912496791552] INFO perfrun.perfcollector <> - format: thresh config:24-31 mask:24-31
95 [46912496791552] INFO perfrun.perfcollector <> - hwInfo : PERF_IMC_PMU_DETAILS
95 [46912496791552] INFO perfrun.perfcollector <> - pmu added : family : uncore_imc , id : 5
95 [46912496791552] INFO perfrun.perfcollector <> - dir found : /sys/bus/event_source/devices/uncore_imc_6
96 [46912496791552] INFO perfrun.perfcollector <> - format: inv config:23 mask:23
96 [46912496791552] INFO perfrun.perfcollector <> - format: edge config:18 mask:18
96 [46912496791552] INFO perfrun.perfcollector <> - format: event config:0-7 mask:0-7
96 [46912496791552] INFO perfrun.perfcollector <> - format: umask config:8-15 mask:8-15
96 [46912496791552] INFO perfrun.perfcollector <> - format: thresh config:24-31 mask:24-31
96 [46912496791552] INFO perfrun.perfcollector <> - hwInfo : PERF_IMC_PMU_DETAILS
96 [46912496791552] INFO perfrun.perfcollector <> - pmu added : family : uncore_imc , id : 6
97 [46912496791552] INFO perfrun.perfcollector <> - dir found : /sys/bus/event_source/devices/uncore_imc_7
97 [46912496791552] INFO perfrun.perfcollector <> - format: inv config:23 mask:23
97 [46912496791552] INFO perfrun.perfcollector <> - format: edge config:18 mask:18
97 [46912496791552] INFO perfrun.perfcollector <> - format: event config:0-7 mask:0-7
97 [46912496791552] INFO perfrun.perfcollector <> - format: umask config:8-15 mask:8-15
97 [46912496791552] INFO perfrun.perfcollector <> - format: thresh config:24-31 mask:24-31
97 [46912496791552] INFO perfrun.perfcollector <> - hwInfo : PERF_IMC_PMU_DETAILS
98 [46912496791552] INFO perfrun.perfcollector <> - pmu added : family : uncore_imc , id : 7
98 [46912496791552] INFO perfrun.perfcollector <> - dir found : /sys/bus/event_source/devices/uncore_qpi_0
98 [46912496791552] INFO perfrun.perfcollector <> - format: inv config:23 mask:23
98 [46912496791552] INFO perfrun.perfcollector <> - format: edge config:18 mask:18
99 [46912496791552] INFO perfrun.perfcollector <> - format: match_rnid4 config1:31 mask:31
99 [46912496791552] INFO perfrun.perfcollector <> - format: event config:0-7,21 mask:0-7,21
99 [46912496791552] INFO perfrun.perfcollector <> - format: mask0 config2:0-31 mask:0-31
99 [46912496791552] INFO perfrun.perfcollector <> - format: mask1 config2:32-63 mask:32-63
99 [46912496791552] INFO perfrun.perfcollector <> - format: umask config:8-15 mask:8-15
99 [46912496791552] INFO perfrun.perfcollector <> - format: mask_rnid30 config2:32-35 mask:32-35
99 [46912496791552] INFO perfrun.perfcollector <> - format: match_rnid30 config1:32-35 mask:32-35
100 [46912496791552] INFO perfrun.perfcollector <> - format: match_dnid config1:13-17 mask:13-17
100 [46912496791552] INFO perfrun.perfcollector <> - format: mask_mc config2:9-12 mask:9-12
100 [46912496791552] INFO perfrun.perfcollector <> - format: mask_dnid config2:13-17 mask:13-17
100 [46912496791552] INFO perfrun.perfcollector <> - format: match_opc config1:5-8 mask:5-8
100 [46912496791552] INFO perfrun.perfcollector <> - format: match_rds config1:48-51 mask:48-51
100 [46912496791552] INFO perfrun.perfcollector <> - format: match_vnw config1:3-4 mask:3-4
100 [46912496791552] INFO perfrun.perfcollector <> - format: mask_opc config2:5-8 mask:5-8
101 [46912496791552] INFO perfrun.perfcollector <> - format: mask_rds config2:48-51 mask:48-51
101 [46912496791552] INFO perfrun.perfcollector <> - format: mask_vnw config2:3-4 mask:3-4
101 [46912496791552] INFO perfrun.perfcollector <> - format: match_mc config1:9-12 mask:9-12
101 [46912496791552] INFO perfrun.perfcollector <> - format: match0 config1:0-31 mask:0-31
101 [46912496791552] INFO perfrun.perfcollector <> - format: match1 config1:32-63 mask:32-63
101 [46912496791552] INFO perfrun.perfcollector <> - format: mask_rnid4 config2:31 mask:31
101 [46912496791552] INFO perfrun.perfcollector <> - format: thresh config:24-31 mask:24-31
101 [46912496791552] INFO perfrun.perfcollector <> - hwInfo : PERF_QPI_PMU_DETAILS
102 [46912496791552] INFO perfrun.perfcollector <> - pmu added : family : uncore_qpi , id : 0
102 [46912496791552] INFO perfrun.perfcollector <> - dir found : /sys/bus/event_source/devices/uncore_qpi_1
102 [46912496791552] INFO perfrun.perfcollector <> - format: inv config:23 mask:23
102 [46912496791552] INFO perfrun.perfcollector <> - format: edge config:18 mask:18
102 [46912496791552] INFO perfrun.perfcollector <> - format: match_rnid4 config1:31 mask:31
102 [46912496791552] INFO perfrun.perfcollector <> - format: event config:0-7,21 mask:0-7,21
102 [46912496791552] INFO perfrun.perfcollector <> - format: mask0 config2:0-31 mask:0-31
102 [46912496791552] INFO perfrun.perfcollector <> - format: mask1 config2:32-63 mask:32-63
103 [46912496791552] INFO perfrun.perfcollector <> - format: umask config:8-15 mask:8-15
103 [46912496791552] INFO perfrun.perfcollector <> - format: mask_rnid30 config2:32-35 mask:32-35
103 [46912496791552] INFO perfrun.perfcollector <> - format: match_rnid30 config1:32-35 mask:32-35
103 [46912496791552] INFO perfrun.perfcollector <> - format: match_dnid config1:13-17 mask:13-17
103 [46912496791552] INFO perfrun.perfcollector <> - format: mask_mc config2:9-12 mask:9-12
103 [46912496791552] INFO perfrun.perfcollector <> - format: mask_dnid config2:13-17 mask:13-17
103 [46912496791552] INFO perfrun.perfcollector <> - format: match_opc config1:5-8 mask:5-8
104 [46912496791552] INFO perfrun.perfcollector <> - format: match_rds config1:48-51 mask:48-51
104 [46912496791552] INFO perfrun.perfcollector <> - format: match_vnw config1:3-4 mask:3-4
104 [46912496791552] INFO perfrun.perfcollector <> - format: mask_opc config2:5-8 mask:5-8
104 [46912496791552] INFO perfrun.perfcollector <> - format: mask_rds config2:48-51 mask:48-51
104 [46912496791552] INFO perfrun.perfcollector <> - format: mask_vnw config2:3-4 mask:3-4
104 [46912496791552] INFO perfrun.perfcollector <> - format: match_mc config1:9-12 mask:9-12
104 [46912496791552] INFO perfrun.perfcollector <> - format: match0 config1:0-31 mask:0-31
104 [46912496791552] INFO perfrun.perfcollector <> - format: match1 config1:32-63 mask:32-63
105 [46912496791552] INFO perfrun.perfcollector <> - format: mask_rnid4 config2:31 mask:31
105 [46912496791552] INFO perfrun.perfcollector <> - format: thresh config:24-31 mask:24-31
105 [46912496791552] INFO perfrun.perfcollector <> - hwInfo : PERF_QPI_PMU_DETAILS
105 [46912496791552] INFO perfrun.perfcollector <> - pmu added : family : uncore_qpi , id : 1
105 [46912496791552] INFO perfrun.perfcollector <> - dir found : /sys/bus/event_source/devices/uncore_cbox_0
105 [46912496791552] INFO perfrun.perfcollector <> - format: edge config:18 mask:18
105 [46912496791552] INFO perfrun.perfcollector <> - format: event config:0-7 mask:0-7
105 [46912496791552] INFO perfrun.perfcollector <> - format: umask config:8-15 mask:8-15
105 [46912496791552] INFO perfrun.perfcollector <> - format: filter_c6 config1:61 mask:61
106 [46912496791552] INFO perfrun.perfcollector <> - format: filter_nc config1:62 mask:62
106 [46912496791552] INFO perfrun.perfcollector <> - format: filter_isoc config1:63 mask:63
106 [46912496791552] INFO perfrun.perfcollector <> - format: filter_link config1:6-8 mask:6-8
106 [46912496791552] INFO perfrun.perfcollector <> - format: filter_nid config1:32-47 mask:32-47
106 [46912496791552] INFO perfrun.perfcollector <> - format: filter_opc config1:52-60 mask:52-60
106 [46912496791552] INFO perfrun.perfcollector <> - format: filter_tid config1:0-5 mask:0-5
106 [46912496791552] INFO perfrun.perfcollector <> - format: tid_en config:19 mask:19
106 [46912496791552] INFO perfrun.perfcollector <> - format: thresh config:24-31 mask:24-31
107 [46912496791552] INFO perfrun.perfcollector <> - format: filter_state config1:17-23 mask:17-23
107 [46912496791552] WARN perfrun.perfcollector <> - pmu hwInfo is not set, at file: vcs/perfrun1/plugins/perfcollector/src/controller.cpp:657
107 [46912496791552] INFO perfrun.perfcollector <> - pmu added : family : uncore_cbox , id : 0
107 [46912496791552] INFO perfrun.perfcollector <> - dir found : /sys/bus/event_source/devices/uncore_cbox_1
107 [46912496791552] INFO perfrun.perfcollector <> - format: edge config:18 mask:18
107 [46912496791552] INFO perfrun.perfcollector <> - format: event config:0-7 mask:0-7
107 [46912496791552] INFO perfrun.perfcollector <> - format: umask config:8-15 mask:8-15
107 [46912496791552] INFO perfrun.perfcollector <> - format: filter_c6 config1:61 mask:61
107 [46912496791552] INFO perfrun.perfcollector <> - format: filter_nc config1:62 mask:62
108 [46912496791552] INFO perfrun.perfcollector <> - format: filter_isoc config1:63 mask:63
108 [46912496791552] INFO perfrun.perfcollector <> - format: filter_link config1:6-8 mask:6-8
108 [46912496791552] INFO perfrun.perfcollector <> - format: filter_nid config1:32-47 mask:32-47
108 [46912496791552] INFO perfrun.perfcollector <> - format: filter_opc config1:52-60 mask:52-60
108 [46912496791552] INFO perfrun.perfcollector <> - format: filter_tid config1:0-5 mask:0-5
108 [46912496791552] INFO perfrun.perfcollector <> - format: tid_en config:19 mask:19
108 [46912496791552] INFO perfrun.perfcollector <> - format: thresh config:24-31 mask:24-31
109 [46912496791552] INFO perfrun.perfcollector <> - format: filter_state config1:17-23 mask:17-23
109 [46912496791552] WARN perfrun.perfcollector <> - pmu hwInfo is not set, at file: vcs/perfrun1/plugins/perfcollector/src/controller.cpp:657
109 [46912496791552] INFO perfrun.perfcollector <> - pmu added : family : uncore_cbox , id : 1
109 [46912496791552] INFO perfrun.perfcollector <> - dir found : /sys/bus/event_source/devices/uncore_cbox_2
109 [46912496791552] INFO perfrun.perfcollector <> - format: edge config:18 mask:18
109 [46912496791552] INFO perfrun.perfcollector <> - format: event config:0-7 mask:0-7
110 [46912496791552] INFO perfrun.perfcollector <> - format: umask config:8-15 mask:8-15
110 [46912496791552] INFO perfrun.perfcollector <> - format: filter_c6 config1:61 mask:61
110 [46912496791552] INFO perfrun.perfcollector <> - format: filter_nc config1:62 mask:62
110 [46912496791552] INFO perfrun.perfcollector <> - format: filter_isoc config1:63 mask:63
110 [46912496791552] INFO perfrun.perfcollector <> - format: filter_link config1:6-8 mask:6-8
110 [46912496791552] INFO perfrun.perfcollector <> - format: filter_nid config1:32-47 mask:32-47
110 [46912496791552] INFO perfrun.perfcollector <> - format: filter_opc config1:52-60 mask:52-60
111 [46912496791552] INFO perfrun.perfcollector <> - format: filter_tid config1:0-5 mask:0-5
111 [46912496791552] INFO perfrun.perfcollector <> - format: tid_en config:19 mask:19
111 [46912496791552] INFO perfrun.perfcollector <> - format: thresh config:24-31 mask:24-31
111 [46912496791552] INFO perfrun.perfcollector <> - format: filter_state config1:17-23 mask:17-23
111 [46912496791552] WARN perfrun.perfcollector <> - pmu hwInfo is not set, at file: vcs/perfrun1/plugins/perfcollector/src/controller.cpp:657
111 [46912496791552] INFO perfrun.perfcollector <> - pmu added : family : uncore_cbox , id : 2
111 [46912496791552] INFO perfrun.perfcollector <> - dir found : /sys/bus/event_source/devices/uncore_cbox_3
112 [46912496791552] INFO perfrun.perfcollector <> - format: edge config:18 mask:18
112 [46912496791552] INFO perfrun.perfcollector <> - format: event config:0-7 mask:0-7
112 [46912496791552] INFO perfrun.perfcollector <> - format: umask config:8-15 mask:8-15
112 [46912496791552] INFO perfrun.perfcollector <> - format: filter_c6 config1:61 mask:61
112 [46912496791552] INFO perfrun.perfcollector <> - format: filter_nc config1:62 mask:62
112 [46912496791552] INFO perfrun.perfcollector <> - format: filter_isoc config1:63 mask:63
112 [46912496791552] INFO perfrun.perfcollector <> - format: filter_link config1:6-8 mask:6-8
112 [46912496791552] INFO perfrun.perfcollector <> - format: filter_nid config1:32-47 mask:32-47
112 [46912496791552] INFO perfrun.perfcollector <> - format: filter_opc config1:52-60 mask:52-60
113 [46912496791552] INFO perfrun.perfcollector <> - format: filter_tid config1:0-5 mask:0-5
113 [46912496791552] INFO perfrun.perfcollector <> - format: tid_en config:19 mask:19
113 [46912496791552] INFO perfrun.perfcollector <> - format: thresh config:24-31 mask:24-31
113 [46912496791552] INFO perfrun.perfcollector <> - format: filter_state config1:17-23 mask:17-23
113 [46912496791552] WARN perfrun.perfcollector <> - pmu hwInfo is not set, at file: vcs/perfrun1/plugins/perfcollector/src/controller.cpp:657
113 [46912496791552] INFO perfrun.perfcollector <> - pmu added : family : uncore_cbox , id : 3
113 [46912496791552] INFO perfrun.perfcollector <> - dir found : /sys/bus/event_source/devices/uncore_cbox_4
113 [46912496791552] INFO perfrun.perfcollector <> - format: edge config:18 mask:18
114 [46912496791552] INFO perfrun.perfcollector <> - format: event config:0-7 mask:0-7
114 [46912496791552] INFO perfrun.perfcollector <> - format: umask config:8-15 mask:8-15
114 [46912496791552] INFO perfrun.perfcollector <> - format: filter_c6 config1:61 mask:61
114 [46912496791552] INFO perfrun.perfcollector <> - format: filter_nc config1:62 mask:62
114 [46912496791552] INFO perfrun.perfcollector <> - format: filter_isoc config1:63 mask:63
114 [46912496791552] INFO perfrun.perfcollector <> - format: filter_link config1:6-8 mask:6-8
114 [46912496791552] INFO perfrun.perfcollector <> - format: filter_nid config1:32-47 mask:32-47
114 [46912496791552] INFO perfrun.perfcollector <> - format: filter_opc config1:52-60 mask:52-60
114 [46912496791552] INFO perfrun.perfcollector <> - format: filter_tid config1:0-5 mask:0-5
115 [46912496791552] INFO perfrun.perfcollector <> - format: tid_en config:19 mask:19
115 [46912496791552] INFO perfrun.perfcollector <> - format: thresh config:24-31 mask:24-31
115 [46912496791552] INFO perfrun.perfcollector <> - format: filter_state config1:17-23 mask:17-23
115 [46912496791552] WARN perfrun.perfcollector <> - pmu hwInfo is not set, at file: vcs/perfrun1/plugins/perfcollector/src/controller.cpp:657
115 [46912496791552] INFO perfrun.perfcollector <> - pmu added : family : uncore_cbox , id : 4
115 [46912496791552] INFO perfrun.perfcollector <> - dir found : /sys/bus/event_source/devices/uncore_cbox_5
115 [46912496791552] INFO perfrun.perfcollector <> - format: edge config:18 mask:18
116 [46912496791552] INFO perfrun.perfcollector <> - format: event config:0-7 mask:0-7
116 [46912496791552] INFO perfrun.perfcollector <> - format: umask config:8-15 mask:8-15
116 [46912496791552] INFO perfrun.perfcollector <> - format: filter_c6 config1:61 mask:61
116 [46912496791552] INFO perfrun.perfcollector <> - format: filter_nc config1:62 mask:62
116 [46912496791552] INFO perfrun.perfcollector <> - format: filter_isoc config1:63 mask:63
116 [46912496791552] INFO perfrun.perfcollector <> - format: filter_link config1:6-8 mask:6-8
116 [46912496791552] INFO perfrun.perfcollector <> - format: filter_nid config1:32-47 mask:32-47
116 [46912496791552] INFO perfrun.perfcollector <> - format: filter_opc config1:52-60 mask:52-60
117 [46912496791552] INFO perfrun.perfcollector <> - format: filter_tid config1:0-5 mask:0-5
117 [46912496791552] INFO perfrun.perfcollector <> - format: tid_en config:19 mask:19
117 [46912496791552] INFO perfrun.perfcollector <> - format: thresh config:24-31 mask:24-31
117 [46912496791552] INFO perfrun.perfcollector <> - format: filter_state config1:17-23 mask:17-23
117 [46912496791552] WARN perfrun.perfcollector <> - pmu hwInfo is not set, at file: vcs/perfrun1/plugins/perfcollector/src/controller.cpp:657
117 [46912496791552] INFO perfrun.perfcollector <> - pmu added : family : uncore_cbox , id : 5
117 [46912496791552] INFO perfrun.perfcollector <> - dir found : /sys/bus/event_source/devices/uncore_cbox_6
118 [46912496791552] INFO perfrun.perfcollector <> - format: edge config:18 mask:18
118 [46912496791552] INFO perfrun.perfcollector <> - format: event config:0-7 mask:0-7
118 [46912496791552] INFO perfrun.perfcollector <> - format: umask config:8-15 mask:8-15
118 [46912496791552] INFO perfrun.perfcollector <> - format: filter_c6 config1:61 mask:61
118 [46912496791552] INFO perfrun.perfcollector <> - format: filter_nc config1:62 mask:62
118 [46912496791552] INFO perfrun.perfcollector <> - format: filter_isoc config1:63 mask:63
118 [46912496791552] INFO perfrun.perfcollector <> - format: filter_link config1:6-8 mask:6-8
119 [46912496791552] INFO perfrun.perfcollector <> - format: filter_nid config1:32-47 mask:32-47
119 [46912496791552] INFO perfrun.perfcollector <> - format: filter_opc config1:52-60 mask:52-60
119 [46912496791552] INFO perfrun.perfcollector <> - format: filter_tid config1:0-5 mask:0-5
119 [46912496791552] INFO perfrun.perfcollector <> - format: tid_en config:19 mask:19
119 [46912496791552] INFO perfrun.perfcollector <> - format: thresh config:24-31 mask:24-31
119 [46912496791552] INFO perfrun.perfcollector <> - format: filter_state config1:17-23 mask:17-23
119 [46912496791552] WARN perfrun.perfcollector <> - pmu hwInfo is not set, at file: vcs/perfrun1/plugins/perfcollector/src/controller.cpp:657
120 [46912496791552] INFO perfrun.perfcollector <> - pmu added : family : uncore_cbox , id : 6
120 [46912496791552] INFO perfrun.perfcollector <> - dir found : /sys/bus/event_source/devices/uncore_cbox_7
120 [46912496791552] INFO perfrun.perfcollector <> - format: edge config:18 mask:18
120 [46912496791552] INFO perfrun.perfcollector <> - format: event config:0-7 mask:0-7
120 [46912496791552] INFO perfrun.perfcollector <> - format: umask config:8-15 mask:8-15
120 [46912496791552] INFO perfrun.perfcollector <> - format: filter_c6 config1:61 mask:61
120 [46912496791552] INFO perfrun.perfcollector <> - format: filter_nc config1:62 mask:62
120 [46912496791552] INFO perfrun.perfcollector <> - format: filter_isoc config1:63 mask:63
120 [46912496791552] INFO perfrun.perfcollector <> - format: filter_link config1:6-8 mask:6-8
121 [46912496791552] INFO perfrun.perfcollector <> - format: filter_nid config1:32-47 mask:32-47
121 [46912496791552] INFO perfrun.perfcollector <> - format: filter_opc config1:52-60 mask:52-60
121 [46912496791552] INFO perfrun.perfcollector <> - format: filter_tid config1:0-5 mask:0-5
121 [46912496791552] INFO perfrun.perfcollector <> - format: tid_en config:19 mask:19
121 [46912496791552] INFO perfrun.perfcollector <> - format: thresh config:24-31 mask:24-31
121 [46912496791552] INFO perfrun.perfcollector <> - format: filter_state config1:17-23 mask:17-23
121 [46912496791552] WARN perfrun.perfcollector <> - pmu hwInfo is not set, at file: vcs/perfrun1/plugins/perfcollector/src/controller.cpp:657
121 [46912496791552] INFO perfrun.perfcollector <> - pmu added : family : uncore_cbox , id : 7
121 [46912496791552] INFO perfrun.perfcollector <> - dir found : /sys/bus/event_source/devices/uncore_cbox_8
122 [46912496791552] INFO perfrun.perfcollector <> - format: edge config:18 mask:18
122 [46912496791552] INFO perfrun.perfcollector <> - format: event config:0-7 mask:0-7
122 [46912496791552] INFO perfrun.perfcollector <> - format: umask config:8-15 mask:8-15
122 [46912496791552] INFO perfrun.perfcollector <> - format: filter_c6 config1:61 mask:61
122 [46912496791552] INFO perfrun.perfcollector <> - format: filter_nc config1:62 mask:62
122 [46912496791552] INFO perfrun.perfcollector <> - format: filter_isoc config1:63 mask:63
122 [46912496791552] INFO perfrun.perfcollector <> - format: filter_link config1:6-8 mask:6-8
122 [46912496791552] INFO perfrun.perfcollector <> - format: filter_nid config1:32-47 mask:32-47
123 [46912496791552] INFO perfrun.perfcollector <> - format: filter_opc config1:52-60 mask:52-60
123 [46912496791552] INFO perfrun.perfcollector <> - format: filter_tid config1:0-5 mask:0-5
123 [46912496791552] INFO perfrun.perfcollector <> - format: tid_en config:19 mask:19
123 [46912496791552] INFO perfrun.perfcollector <> - format: thresh config:24-31 mask:24-31
123 [46912496791552] INFO perfrun.perfcollector <> - format: filter_state config1:17-23 mask:17-23
123 [46912496791552] WARN perfrun.perfcollector <> - pmu hwInfo is not set, at file: vcs/perfrun1/plugins/perfcollector/src/controller.cpp:657
123 [46912496791552] INFO perfrun.perfcollector <> - pmu added : family : uncore_cbox , id : 8
123 [46912496791552] INFO perfrun.perfcollector <> - dir found : /sys/bus/event_source/devices/uncore_cbox_9
123 [46912496791552] INFO perfrun.perfcollector <> - format: edge config:18 mask:18
124 [46912496791552] INFO perfrun.perfcollector <> - format: event config:0-7 mask:0-7
124 [46912496791552] INFO perfrun.perfcollector <> - format: umask config:8-15 mask:8-15
124 [46912496791552] INFO perfrun.perfcollector <> - format: filter_c6 config1:61 mask:61
124 [46912496791552] INFO perfrun.perfcollector <> - format: filter_nc config1:62 mask:62
124 [46912496791552] INFO perfrun.perfcollector <> - format: filter_isoc config1:63 mask:63
124 [46912496791552] INFO perfrun.perfcollector <> - format: filter_link config1:6-8 mask:6-8
124 [46912496791552] INFO perfrun.perfcollector <> - format: filter_nid config1:32-47 mask:32-47
124 [46912496791552] INFO perfrun.perfcollector <> - format: filter_opc config1:52-60 mask:52-60
125 [46912496791552] INFO perfrun.perfcollector <> - format: filter_tid config1:0-5 mask:0-5
125 [46912496791552] INFO perfrun.perfcollector <> - format: tid_en config:19 mask:19
125 [46912496791552] INFO perfrun.perfcollector <> - format: thresh config:24-31 mask:24-31
125 [46912496791552] INFO perfrun.perfcollector <> - format: filter_state config1:17-23 mask:17-23
125 [46912496791552] WARN perfrun.perfcollector <> - pmu hwInfo is not set, at file: vcs/perfrun1/plugins/perfcollector/src/controller.cpp:657
125 [46912496791552] INFO perfrun.perfcollector <> - pmu added : family : uncore_cbox , id : 9
125 [46912496791552] INFO perfrun.perfcollector <> - dir found : /sys/bus/event_source/devices/uncore_r2pcie
125 [46912496791552] INFO perfrun.perfcollector <> - format: inv config:23 mask:23
126 [46912496791552] INFO perfrun.perfcollector <> - format: edge config:18 mask:18
126 [46912496791552] INFO perfrun.perfcollector <> - format: event config:0-7 mask:0-7
126 [46912496791552] INFO perfrun.perfcollector <> - format: umask config:8-15 mask:8-15
126 [46912496791552] INFO perfrun.perfcollector <> - format: thresh config:24-31 mask:24-31
126 [46912496791552] WARN perfrun.perfcollector <> - pmu hwInfo is not set, at file: vcs/perfrun1/plugins/perfcollector/src/controller.cpp:657
126 [46912496791552] INFO perfrun.perfcollector <> - pmu added : family : uncore_r2pcie , id : 0
126 [46912496791552] INFO perfrun.perfcollector <> - dir found : /sys/bus/event_source/devices/uncore_r3qpi_0
126 [46912496791552] INFO perfrun.perfcollector <> - format: inv config:23 mask:23
126 [46912496791552] INFO perfrun.perfcollector <> - format: edge config:18 mask:18
127 [46912496791552] INFO perfrun.perfcollector <> - format: event config:0-7 mask:0-7
127 [46912496791552] INFO perfrun.perfcollector <> - format: umask config:8-15 mask:8-15
127 [46912496791552] INFO perfrun.perfcollector <> - format: thresh config:24-31 mask:24-31
127 [46912496791552] WARN perfrun.perfcollector <> - pmu hwInfo is not set, at file: vcs/perfrun1/plugins/perfcollector/src/controller.cpp:657
127 [46912496791552] INFO perfrun.perfcollector <> - pmu added : family : uncore_r3qpi , id : 0
127 [46912496791552] INFO perfrun.perfcollector <> - dir found : /sys/bus/event_source/devices/uncore_r3qpi_1
127 [46912496791552] INFO perfrun.perfcollector <> - format: inv config:23 mask:23
127 [46912496791552] INFO perfrun.perfcollector <> - format: edge config:18 mask:18
127 [46912496791552] INFO perfrun.perfcollector <> - format: event config:0-7 mask:0-7
128 [46912496791552] INFO perfrun.perfcollector <> - format: umask config:8-15 mask:8-15
128 [46912496791552] INFO perfrun.perfcollector <> - format: thresh config:24-31 mask:24-31
128 [46912496791552] WARN perfrun.perfcollector <> - pmu hwInfo is not set, at file: vcs/perfrun1/plugins/perfcollector/src/controller.cpp:657
128 [46912496791552] INFO perfrun.perfcollector <> - pmu added : family : uncore_r3qpi , id : 1
128 [46912496791552] INFO perfrun.perfcollector <> - dir found : /sys/bus/event_source/devices/uncore_r3qpi_2
128 [46912496791552] INFO perfrun.perfcollector <> - format: inv config:23 mask:23
128 [46912496791552] INFO perfrun.perfcollector <> - format: edge config:18 mask:18
128 [46912496791552] INFO perfrun.perfcollector <> - format: event config:0-7 mask:0-7
128 [46912496791552] INFO perfrun.perfcollector <> - format: umask config:8-15 mask:8-15
129 [46912496791552] INFO perfrun.perfcollector <> - format: thresh config:24-31 mask:24-31
129 [46912496791552] WARN perfrun.perfcollector <> - pmu hwInfo is not set, at file: vcs/perfrun1/plugins/perfcollector/src/controller.cpp:657
129 [46912496791552] INFO perfrun.perfcollector <> - pmu added : family : uncore_r3qpi , id : 2
129 [46912496791552] INFO perfrun.perfcollector <> - dir found : /sys/bus/event_source/devices/uncore_sbox_0
129 [46912496791552] INFO perfrun.perfcollector <> - format: inv config:23 mask:23
129 [46912496791552] INFO perfrun.perfcollector <> - format: edge config:18 mask:18
129 [46912496791552] INFO perfrun.perfcollector <> - format: event config:0-7 mask:0-7
129 [46912496791552] INFO perfrun.perfcollector <> - format: umask config:8-15 mask:8-15
130 [46912496791552] INFO perfrun.perfcollector <> - format: tid_en config:19 mask:19
130 [46912496791552] INFO perfrun.perfcollector <> - format: thresh config:24-31 mask:24-31
130 [46912496791552] WARN perfrun.perfcollector <> - pmu hwInfo is not set, at file: vcs/perfrun1/plugins/perfcollector/src/controller.cpp:657
130 [46912496791552] INFO perfrun.perfcollector <> - pmu added : family : uncore_sbox , id : 0
130 [46912496791552] INFO perfrun.perfcollector <> - dir found : /sys/bus/event_source/devices/uncore_sbox_1
130 [46912496791552] INFO perfrun.perfcollector <> - format: inv config:23 mask:23
130 [46912496791552] INFO perfrun.perfcollector <> - format: edge config:18 mask:18
131 [46912496791552] INFO perfrun.perfcollector <> - format: event config:0-7 mask:0-7
131 [46912496791552] INFO perfrun.perfcollector <> - format: umask config:8-15 mask:8-15
131 [46912496791552] INFO perfrun.perfcollector <> - format: tid_en config:19 mask:19
131 [46912496791552] INFO perfrun.perfcollector <> - format: thresh config:24-31 mask:24-31
131 [46912496791552] WARN perfrun.perfcollector <> - pmu hwInfo is not set, at file: vcs/perfrun1/plugins/perfcollector/src/controller.cpp:657
131 [46912496791552] INFO perfrun.perfcollector <> - pmu added : family : uncore_sbox , id : 1
131 [46912496791552] INFO perfrun.perfcollector <> - dir found : /sys/bus/event_source/devices/uncore_sbox_2
132 [46912496791552] INFO perfrun.perfcollector <> - format: inv config:23 mask:23
132 [46912496791552] INFO perfrun.perfcollector <> - format: edge config:18 mask:18
132 [46912496791552] INFO perfrun.perfcollector <> - format: event config:0-7 mask:0-7
132 [46912496791552] INFO perfrun.perfcollector <> - format: umask config:8-15 mask:8-15
132 [46912496791552] INFO perfrun.perfcollector <> - format: tid_en config:19 mask:19
133 [46912496791552] INFO perfrun.perfcollector <> - format: thresh config:24-31 mask:24-31
133 [46912496791552] WARN perfrun.perfcollector <> - pmu hwInfo is not set, at file: vcs/perfrun1/plugins/perfcollector/src/controller.cpp:657
133 [46912496791552] INFO perfrun.perfcollector <> - pmu added : family : uncore_sbox , id : 2
133 [46912496791552] INFO perfrun.perfcollector <> - dir found : /sys/bus/event_source/devices/uncore_sbox_3
134 [46912496791552] INFO perfrun.perfcollector <> - format: inv config:23 mask:23
134 [46912496791552] INFO perfrun.perfcollector <> - format: edge config:18 mask:18
134 [46912496791552] INFO perfrun.perfcollector <> - format: event config:0-7 mask:0-7
134 [46912496791552] INFO perfrun.perfcollector <> - format: umask config:8-15 mask:8-15
134 [46912496791552] INFO perfrun.perfcollector <> - format: tid_en config:19 mask:19
134 [46912496791552] INFO perfrun.perfcollector <> - format: thresh config:24-31 mask:24-31
135 [46912496791552] WARN perfrun.perfcollector <> - pmu hwInfo is not set, at file: vcs/perfrun1/plugins/perfcollector/src/controller.cpp:657
135 [46912496791552] INFO perfrun.perfcollector <> - pmu added : family : uncore_sbox , id : 3
135 [46912496791552] INFO perfrun.perfcollector <> - dir found : /sys/bus/event_source/devices/cstate_core
135 [46912496791552] INFO perfrun.perfcollector <> - format: event config:0-63 mask:0-63
136 [46912496791552] WARN perfrun.perfcollector <> - pmu hwInfo is not set, at file: vcs/perfrun1/plugins/perfcollector/src/controller.cpp:657
136 [46912496791552] INFO perfrun.perfcollector <> - pmu added : family : cstate_core , id : 0
136 [46912496791552] INFO perfrun.perfcollector <> - dir found : /sys/bus/event_source/devices/cstate_pkg
136 [46912496791552] INFO perfrun.perfcollector <> - format: event config:0-63 mask:0-63
136 [46912496791552] WARN perfrun.perfcollector <> - pmu hwInfo is not set, at file: vcs/perfrun1/plugins/perfcollector/src/controller.cpp:657
137 [46912496791552] INFO perfrun.perfcollector <> - pmu added : family : cstate_pkg , id : 0
137 [46912496791552] INFO perfrun.perfcollector <> - dir found : /sys/bus/event_source/devices/intel_bts
137 [46912496791552] WARN perfrun.perfcollector <> - format subdir doesn't exist, at file: vcs/perfrun1/plugins/perfcollector/src/controller.cpp:578
137 [46912496791552] WARN perfrun.perfcollector <> - pmu hwInfo is not set, at file: vcs/perfrun1/plugins/perfcollector/src/controller.cpp:657
137 [46912496791552] INFO perfrun.perfcollector <> - pmu added : family : intel_bts , id : 0
138 [46912496791552] INFO perfrun.perfcollector <> - dir found : /sys/bus/event_source/devices/intel_cqm
138 [46912496791552] INFO perfrun.perfcollector <> - format: event config:0-7 mask:0-7
138 [46912496791552] WARN perfrun.perfcollector <> - pmu hwInfo is not set, at file: vcs/perfrun1/plugins/perfcollector/src/controller.cpp:657
138 [46912496791552] INFO perfrun.perfcollector <> - pmu added : family : intel_cqm , id : 0
138 [46912496791552] INFO perfrun.perfcollector <> - dir found : /sys/bus/event_source/devices/breakpoint
139 [46912496791552] WARN perfrun.perfcollector <> - format subdir doesn't exist, at file: vcs/perfrun1/plugins/perfcollector/src/controller.cpp:578
139 [46912496791552] WARN perfrun.perfcollector <> - pmu hwInfo is not set, at file: vcs/perfrun1/plugins/perfcollector/src/controller.cpp:657
139 [46912496791552] INFO perfrun.perfcollector <> - pmu added : family : breakpoint , id : 0
139 [46912496791552] INFO perfrun.perfcollector <> - dir found : /sys/bus/event_source/devices/uncore_ha_0
139 [46912496791552] INFO perfrun.perfcollector <> - format: inv config:23 mask:23
139 [46912496791552] INFO perfrun.perfcollector <> - format: edge config:18 mask:18
140 [46912496791552] INFO perfrun.perfcollector <> - format: event config:0-7 mask:0-7
140 [46912496791552] INFO perfrun.perfcollector <> - format: umask config:8-15 mask:8-15
140 [46912496791552] INFO perfrun.perfcollector <> - format: thresh config:24-31 mask:24-31
140 [46912496791552] WARN perfrun.perfcollector <> - pmu hwInfo is not set, at file: vcs/perfrun1/plugins/perfcollector/src/controller.cpp:657
140 [46912496791552] INFO perfrun.perfcollector <> - pmu added : family : uncore_ha , id : 0
141 [46912496791552] INFO perfrun.perfcollector <> - dir found : /sys/bus/event_source/devices/uncore_ha_1
141 [46912496791552] INFO perfrun.perfcollector <> - format: inv config:23 mask:23
141 [46912496791552] INFO perfrun.perfcollector <> - format: edge config:18 mask:18
141 [46912496791552] INFO perfrun.perfcollector <> - format: event config:0-7 mask:0-7
141 [46912496791552] INFO perfrun.perfcollector <> - format: umask config:8-15 mask:8-15
142 [46912496791552] INFO perfrun.perfcollector <> - format: thresh config:24-31 mask:24-31
142 [46912496791552] WARN perfrun.perfcollector <> - pmu hwInfo is not set, at file: vcs/perfrun1/plugins/perfcollector/src/controller.cpp:657
142 [46912496791552] INFO perfrun.perfcollector <> - pmu added : family : uncore_ha , id : 1
142 [46912496791552] INFO perfrun.perfcollector <> - dir found : /sys/bus/event_source/devices/uncore_ubox
142 [46912496791552] INFO perfrun.perfcollector <> - format: inv config:23 mask:23
142 [46912496791552] INFO perfrun.perfcollector <> - format: edge config:18 mask:18
143 [46912496791552] INFO perfrun.perfcollector <> - format: event config:0-7 mask:0-7
143 [46912496791552] INFO perfrun.perfcollector <> - format: umask config:8-15 mask:8-15
143 [46912496791552] INFO perfrun.perfcollector <> - format: filter_cid config1:5 mask:5
143 [46912496791552] INFO perfrun.perfcollector <> - format: filter_tid config1:0 mask:0
143 [46912496791552] INFO perfrun.perfcollector <> - format: thresh config:24-28 mask:24-28
143 [46912496791552] WARN perfrun.perfcollector <> - pmu hwInfo is not set, at file: vcs/perfrun1/plugins/perfcollector/src/controller.cpp:657
144 [46912496791552] INFO perfrun.perfcollector <> - pmu added : family : uncore_ubox , id : 0
144 [46912496791552] INFO perfrun.launcher <> - plugin perf has been added successfully
144 [46912496791552] INFO perfrun.launcher <> - plugin tpss has been added successfully
144 [46912496791552] INFO perfrun.launcher <> - plugin cuscol has been added successfully
145 [46912496791552] INFO perfrun.launcher <> - plugin exprof has been added successfully
145 [46912496791552] INFO perfrun.launcher <> - plugin dpdk has been added successfully
145 [46912496791552] INFO perfrun.launcher <> - plugin media has been added successfully
145 [46912496791552] INFO perfrun.launcher <> - plugin commcollector has been added successfully
145 [46912496791552] INFO perfrun.launcher <> - plugin cve has been added successfully
146 [46912496791552] INFO perfrun.launcher <> - the option was added --interval: Specify an interval of data collection (for example, sampling) in milliseconds.
146 [46912496791552] INFO perfrun.launcher <> - the option was added --follow-child: Profile process with or without children.
146 [46912496791552] INFO perfrun.launcher <> - the option was added --gelding: BADMSG: perfrun1.launcher.plugin_manager::gelding
147 [46912496791552] INFO perfrun.launcher <> - the option was added --time-source: Specify time source for measurement. Possible values: sys - wall clock time; tsc - time stamp counter; ext - time from an external source; auto - auto select accurate time source.
147 [46912496791552] INFO perfrun.launcher <> - the option was added --stack: Enable or disable collection of stacks.
147 [46912496791552] INFO perfrun.launcher <> - the option was added --stack-stitching: Enable or disable the stack stitching algorithm for Intel TBB-based applications.
147 [46912496791552] INFO perfrun.launcher <> - the option was added --type: Specify type of data to be collected. For example, --type cpu:counters,waiting:nostack,io.
147 [46912496791552] INFO perfrun.launcher <> - the option was added --mrte-mode: Specify Java/.NET/other managed runtime collection mode. Possible values: native - collect information only for native code; managed - collect information only for managed code; mixed - collect information for both managed and native code; auto - choose the mode based on binary type.
147 [46912496791552] INFO perfrun.launcher <> - the option was added --mrte-mode-list: List supported Java/.NET/other managed runtime collection modes.
147 [46912496791552] INFO perfrun.launcher <> - the option was added --mrte-type: Specify which managed runtimes to collect. Possible values: java - collect information for Java; dotnet - collect information for .NET; python - collect information for CPython. You can specify several values separated by comma.
148 [46912496791552] INFO perfrun.launcher <> - the option was added --mrte-type-list: List supported Java/.NET/other managed runtime types.
148 [46912496791552] INFO perfrun.launcher <> - the option was added --trace-strategy: Specify how to profile a process tree. <string> can be "<process>:trace:notrace" - profile the process but do not profile its children. Shorthand parameters: t - trace, nt - notrace. For example, "vtunedemo.exe:t:t".
148 [46912496791552] INFO perfrun.launcher <> - the option was added --collector: BADMSG: perfrun1.launcher.plugin_manager::collector
148 [46912496791552] INFO perfrun.launcher <> - the option was added --system-wide: Enable system-wide profiling. This mode may require additional permissions.
149 [46912496791552] INFO perfrun.launcher <> - the option was added --kvm-guest: Enable KVM guest OS profiling.
149 [46912496791552] INFO perfrun.launcher <> - the option was added --kvm-guest-kallsyms: Specify a local path to the /proc/kallsyms file copied from the guest OS for proper symbol resolution.
149 [46912496791552] INFO perfrun.launcher <> - the option was added --kvm-guest-modules: Specify a local path to the /proc/modules file copied from the guest OS for proper symbol resolution.
149 [46912496791552] INFO perfrun.launcher <> - the option was added --target-system: BADMSG: perfrun1.launcher.plugin_manager::target-system
150 [46912496791552] INFO perfrun.launcher <> - the option was added --dump-vdso: Dump [vdso] to result directory
150 [46912496791552] INFO perfrun.launcher <> - the option was added --bandwidth-limits: Measure bandwidth limits
150 [46912496791552] INFO perfrun.launcher <> - the option was added --bandwidth-strategy: Bandwidth limits determination specific properties (example: --bandwidth-strategy array-size=0,duration=500).
150 [46912496791552] INFO perfrun.launcher <> - the option was added --bandwidth-config: List of benchmarks to run.
150 [46912496791552] INFO perfrun.launcher <> - the option was added --system-collector-config: Specify subcollectors. Possible values: all, vdso, container, device-info, none.
151 [46912496791552] INFO perfrun.launcher <> - the option was added --itt-config: Specify a sub-set of ITT API to collect.
151 [46912496791552] INFO perfrun.launcher <> - the option was added --itt-debug: Set pseudo-breakpoint at ITT API collector's start to enable the debugger to attach early.
151 [46912496791552] INFO perfrun.launcher <> - the option was added --itt-ring-buffer-multiplier: The size of internal ITT API collector ring buffer, in bytes per second
151 [46912496791552] INFO perfrun.launcher <> - the option was added --ptrace: Ptrace collector.
151 [46912496791552] INFO perfrun.launcher <> - the option was added --target-pid: BADMSG: perfrun1.ptracecollector::target-pid
152 [46912496791552] INFO perfrun.launcher <> - the option was added --ptrace-server-pid: BADMSG: perfrun1.ptracecollector::ptrace-server-pid
152 [46912496791552] INFO perfrun.launcher <> - the option was added --ptrace-trace: BADMSG: perfrun1.ptracecollector::ptrace-trace
152 [46912496791552] INFO perfrun.launcher <> - the option was added --ptrace-time-source: BADMSG: perfrun1.ptracecollector::ptrace-time-source
152 [46912496791552] INFO perfrun.launcher <> - the option was added --ptrace-start-type: BADMSG: perfrun1.ptracecollector::ptrace-start-type
153 [46912496791552] INFO perfrun.launcher <> - the option was added --gpu-config: Specify types of GPU data to be collected. Possible values: preset1, preset2.
153 [46912496791552] INFO perfrun.launcher <> - the option was added --gpu-debug: Enable self-testing of the GPGPU profiling collector.
153 [46912496791552] INFO perfrun.launcher <> - the option was added --stdsrc-config: Specify Standard Sources category tag(s).
153 [46912496791552] INFO perfrun.launcher <> - the option was added --ftrace-config-list: List Linux Ftrace category tag(s).
153 [46912496791552] INFO perfrun.launcher <> - the option was added --ftrace-config: Specify Linux Ftrace category tag(s).
153 [46912496791552] INFO perfrun.launcher <> - the option was added --ftrace-function-groups: Enable tracing of specific groups of functions.
154 [46912496791552] INFO perfrun.launcher <> - the option was added --event-info: BADMSG: perfrun1.stdsrc::event-info
154 [46912496791552] INFO perfrun.launcher <> - the option was added --cpu-list: List supported CPUs.
154 [46912496791552] INFO perfrun.launcher <> - the option was added --target-list: List available targets for performing sampling collection.
154 [46912496791552] INFO perfrun.launcher <> - the option was added --event-value-list: Display event information.
154 [46912496791552] INFO perfrun.launcher <> - the option was added --platform-value-list: Display details of supported platforms.
154 [46912496791552] INFO perfrun.launcher <> - the option was added --uncore-event-list: List uncore events for which a sampling data collection can be performed on this platform.
154 [46912496791552] INFO perfrun.launcher <> - the option was added --modifier-list: Specify the event name <string> for which the modifiers list is requested.
155 [46912496791552] INFO perfrun.launcher <> - the option was added --pmu-list: List supported PMUs.
155 [46912496791552] INFO perfrun.launcher <> - the option was added --os-mode-only: Enable sampling data collection for OS-mode processes only.
155 [46912496791552] INFO perfrun.launcher <> - the option was added --user-mode-only: Enable sampling data collection for user-mode processes only.
155 [46912496791552] INFO perfrun.launcher <> - the option was added --event-config: Perform data collection for the events with <string> configured using the format <event name1>":modifier1=val:modifier2=val/constraint1={:modifier3=val:modifier4=val}...,"<event name2>":... Specify the events(s) to monitor and embed the event names within double quotes("). [:modifier=val] specifies individual event modifiers along with the respective values for a given platform. Note that the modifiers can be generic to an event as well as specific to a constraint (or an event qualifier). The constraint specific special modifiers appear after [/constraint=]. The modifiers can be in decimal or hexadecimal format. Only specific modifiers accept the value as a string. Each event specification is delimited by a comma (,). For a list of supported modifiers and constraints, refer to the documentation.
155 [46912496791552] INFO perfrun.launcher <> - the option was added --chipset-event-config: BADMSG: perfrun1.sep::chipset-event-config
155 [46912496791552] INFO perfrun.launcher <> - the option was added --uncore-event-config: Perform uncore data collection in ebc count mode for the events with <string> configured using the format "<event name1>"...,"<event name2>":... Specify the events(s) to monitor and embed the event names within double quotes(").
155 [46912496791552] INFO perfrun.launcher <> - the option was added --count-emon: Enable counting mode and output the data in EMON format.
156 [46912496791552] INFO perfrun.launcher <> - the option was added --event-based-counts: Enable event-based counting mode. During sampling data collection, event counts data is collected for the list of events specified in -event-config option.
156 [46912496791552] INFO perfrun.launcher <> - the option was added --event-mux-tfactor: Specify the event multiplexing tfactor as <integer> to set the length of the interval between interrupts. The larger the tfactor value, the larger the period between interrupts. Currently this option is only available on Intel platforms codenamed Knights Corner.
156 [46912496791552] INFO perfrun.launcher <> - the option was added --full-pebs-capture: Capture full pebs information.
156 [46912496791552] INFO perfrun.launcher <> - the option was added --last-branch-records: Capture Last Branch Records information.
156 [46912496791552] INFO perfrun.launcher <> - the option was added --pmu-type: Specify the targeted PMU name as <string>.
156 [46912496791552] INFO perfrun.launcher <> - the option was added --platform-type: Specify the targeted platform number as <number>.
156 [46912496791552] INFO perfrun.launcher <> - the option was added --bts-count: Specify the <integer> number of BTS records collected after each sample or context switch (VTSS++ only).
156 [46912496791552] INFO perfrun.launcher <> - the option was added --cpu-mask: Specify which CPU(s) <string> to collect data on. For example, specify "2-8,10,12-14" to sample only CPUs 2 through 8, 10, and 12 through 14.
157 [46912496791552] INFO perfrun.launcher <> - the option was added --event-mux-alg: Specify the event multiplexing algorithm. Possible values: sequence, timer, trigger.
157 [46912496791552] INFO perfrun.launcher <> - the option was added --event-mux-timeslice: Specify the event multiplexing time slice value as <integer>. The time slice specifies the duration between cycles for each event multiplexing group. The default value is 50 milliseconds. This option is valid only for timer-based event multiplexing. Specify the event multiplexing time slice value as <integer>. The time slice specifies the duration between cycles for each event multiplexing group. The default value is 1 millisecond. This option is valid only for timer-based event multiplexing.
157 [46912496791552] INFO perfrun.launcher <> - the option was added --event-mux-factor: Specify the event multiplexing factor as <integer>. It controls the switching of event multiplexing groups. The default factor is 50. This option is valid only for trigger-based event multiplexing. Specify the event multiplexing factor as <integer>. It controls the switching of event multiplexing groups. The default factor is 1. This option is valid only for trigger-based event multiplexing.
157 [46912496791552] INFO perfrun.launcher <> - the option was added --event-mux-trigger: Specify the name of the trigger event for event multiplexing as <string>. This option is valid only for trigger-based event multiplexing. The default trigger is CPU_CLK_UNHALTED.CORE (or CPU_CLK_UNHALTED.THREAD). BADMSG: perfrun1.vtsspp::event-mux-trigger
157 [46912496791552] INFO perfrun.launcher <> - the option was added --pwr-config: BADMSG: perfrun1.vtsspp::pwr-config
157 [46912496791552] INFO perfrun.launcher <> - the option was added --sys-config: BADMSG: perfrun1.vtsspp::sys-config
157 [46912496791552] INFO perfrun.launcher <> - the option was added --pt-mode: BADMSG: perfrun1.vtsspp::pt-mode
157 [46912496791552] INFO perfrun.launcher <> - the option was added --sample-after-multiplier: Specify the sample after multiplier as <double>. This multiplier modifies the sample after value for all the events specified in -event-config option. The values can range from 0.1 to 100.0. SAV multiplier value
158 [46912496791552] INFO perfrun.launcher <> - the option was added --uncore-sampling-interval: Specify the uncore sampling interval as <integer>. This value set the uncore sampling interval for all the uncore events specified in -event-config option.
158 [46912496791552] INFO perfrun.launcher <> - the option was added --count: Enable counting mode. Enable counting mode
158 [46912496791552] INFO perfrun.launcher <> - the option was added --trace-mpi: Configure collector to trace MPI code.
158 [46912496791552] INFO perfrun.launcher <> - the option was added --raw-perf-config: Specify a verified configuration for the Perf collector in the format: <describer>,<content>. For example: map-events-file,<path_to_map_events_file>.
158 [46912496791552] INFO perfrun.launcher <> - the option was added --stackwalk: Specify stack unwinding method. Possible values: online - unwind stacks during collection; offline - unwind stacks after collection is finished. Specify stack unwinding method. Possible value: lbr - unwind stacks during collection. Specify stack unwinding method. Possible values: online - unwind stacks during collection; offline - unwind stacks after collection is finished; lbr - enable LBR-based call stack collection. Specify stack unwinding method. Possible values: online - unwind stacks during collection; offline - unwind stacks after collection is finished. Specify stack unwinding method. Possible values: online - unwind stacks during collection; offline - unwind stacks after collection is finished.
158 [46912496791552] INFO perfrun.launcher <> - the option was added --filter-include: Filter data during collection. Possible values: contended=<on|off> - filter out uncontended events; contended_nostack=<time> - filter out stacks for contended events that take less than <time> microseconds; wait=<time> - ignore transitions and blocks with wait time less than <time> microseconds; wait_nostack=<time> - filter out stacks for waits that take less than <time> microseconds.
158 [46912496791552] INFO perfrun.launcher <> - the option was added --debug-pin: Debug PIN tool and runtime.
159 [46912496791552] INFO perfrun.launcher <> - the option was added --debug-exception: Disallow the application to set own abnormal termination handler.
159 [46912496791552] INFO perfrun.launcher <> - the option was added --trace-type: Specify the trace file granularity. Possible values: per-thread - per-thread trace file generation; per-process - per-process trace file generation.
159 [46912496791552] INFO perfrun.launcher <> - the option was added --instrumentation-type: Specify type of instrumentation.
159 [46912496791552] INFO perfrun.launcher <> - the option was added --altstack: Enable or disable usage of altstacks for profiling signal handlers.
159 [46912496791552] INFO perfrun.launcher <> - the option was added --profiling-signal: BADMSG: perfrun1.ptracecollector::profiling-signal Alternate profiling signal.
159 [46912496791552] INFO perfrun.launcher <> - the option was added --memory-strategy: Specify a minimal memory object size to be traced and a hash table size for faster objects search; for example: --memory-strategy obj-size-min=1024,hash-table-size=4096.
160 [46912496791552] INFO perfrun.launcher <> - the option was added --gpu-profiling-config: Specify a type of deep GPU profiling applied for all kernels and a comma-separated list of GPU kernel names and invocations in the following format: profiling_type[@kernel_name[:start_idx:step:stop_idx]], where profiling_type is one of following: none, bblatency, memlatency; kernel_name is the name of GPU kernel; start_idx is the number of the first invocation; and stop_idx is the number of the last invocation to be profiled.
160 [46912496791552] INFO perfrun.launcher <> - the option was added --custom-collector: Allows to provide arbitrary command line to be run on collection steps.
160 [46912496791552] INFO perfrun.launcher <> - the option was added --exprof-com-list: List available COM ports.
160 [46912496791552] INFO perfrun.launcher <> - the option was added --exprof-dvc-list: List available DvC IDs.
160 [46912496791552] INFO perfrun.launcher <> - the option was added --exprof-trace-channel: BADMSG: perfrun1.exprof::exprof-trace-channel
160 [46912496791552] INFO perfrun.launcher <> - the option was added --exprof-event-config: Specify ExactProfiling Event Classes.
160 [46912496791552] INFO perfrun.launcher <> - the option was added --analyze-dpdk: analyze-dpdk
160 [46912496791552] INFO perfrun.launcher <> - the option was added --network-sampling-interval: network-sampling-interval
161 [46912496791552] INFO perfrun.launcher <> - the option was added --dpdk-file-prefix: dpdk-file-prefix
161 [46912496791552] INFO perfrun.launcher <> - create msngr2::ICliToolContext
162 [46912496791552] INFO perfrun.launcher <> - create file finder object
168 [46912623118080] INFO perfrun.system <> - dumping [vdso] pseudomodule
169 [46912623118080] INFO perfrun.launcher <> - plugin [itt] was disabled because it doesn't support the given collection type.
169 [46912623118080] INFO perfrun.launcher <> - plugin [ptracecollector] was disabled because it doesn't support the given collection type.
170 [46912623118080] INFO perfrun.launcher <> - plugin [gpu] was disabled because it doesn't support the given collection type.
170 [46912623118080] INFO perfrun.launcher <> - plugin [] was disabled because it doesn't support the given collection type.
170 [46912623118080] INFO perfrun.launcher <> - plugin [] was disabled because it doesn't support the given collection type.
170 [46912623118080] INFO perfrun.launcher <> - plugin [] was disabled because it doesn't support the given collection type.
170 [46912623118080] INFO perfrun.launcher <> - plugin [mrte] was disabled because it doesn't support the given collection type.
170 [46912623118080] INFO perfrun.launcher <> - plugin [emon] was disabled because it doesn't support the given collection type.
170 [46912623118080] INFO perfrun.launcher <> - plugin [stdsrc] was disabled because it doesn't support the given collection type.
170 [46912623118080] INFO perfrun.launcher <> - plugin [sep] was disabled because it doesn't support the given collection type.
170 [46912623118080] INFO perfrun.launcher <> - plugin [vtsspp] was disabled because it doesn't support the given collection type.
170 [46912623118080] INFO perfrun.launcher <> - plugin [perf] was disabled because it doesn't support the given collection type.
170 [46912623118080] INFO perfrun.launcher <> - plugin [tpss] was disabled because it doesn't support the given collection type.
171 [46912623118080] INFO perfrun.launcher <> - plugin [cuscol] was disabled because it doesn't support the given collection type.
171 [46912623118080] INFO perfrun.launcher <> - plugin [exprof] was disabled because it doesn't support the given collection type.
171 [46912623118080] INFO perfrun.launcher <> - plugin [dpdk] was disabled because it doesn't support the given collection type.
171 [46912623118080] INFO perfrun.launcher <> - plugin [media] was disabled because it doesn't support the given collection type.
171 [46912623118080] INFO perfrun.commcollector <> - Disabling commcollector because integrity connection type is not used
171 [46912623118080] INFO perfrun.launcher <> - plugin [commcollector] was disabled because it doesn't support the given collection type.
171 [46912623118080] INFO perfrun.launcher <> - plugin [cve] was disabled because it doesn't support the given collection type.
171 [46912496791552] INFO perfrun.launcher <> - Application exit code: 0
171 [46912496791552] INFO perfrun.launcher <> - Exit code: 0
